<?xml version="1.0" encoding="UTF-8"?>
<!-- Generated by org.testng.reporters.JUnitReportReporter -->
<testsuite hostname="LPT-1189" failures="0" tests="1" name="com.kotak.testCases.KotakHomePageTest" time="15.084" errors="0" timestamp="2023-05-12T14:53:19 IST" skipped="0">
  <testcase classname="com.kotak.testCases.KotakHomePageTest" name="TC01_ExplorePoduct" time="15.084"/>
  <system-out/>
</testsuite> <!-- com.kotak.testCases.KotakHomePageTest -->
